  CREATE_STREAM @0 {NAME:clk10_rst5_seq T:TVM SCOPE:uvm_test_top.tb.clk_rst_env.agent.sequencer STREAM:1}
BEGIN @0 {TXH:2 STREAM:1 NAME:clk10_rst5_seq TIME=0  TYPE="Begin_No_Parent, Link" LABEL:"" DESC="Object ID: \clock_and_reset_pkg::clk10_rst5_seq @1 (@1164)
Sequencer ID: \clock_and_reset_pkg::clock_and_reset_sequencer @1 (@550)
Phase: run
"}
  CREATE_STREAM @0 {NAME:uart_5_seq T:TVM SCOPE:uvm_test_top.tb.uartenv.tx_agent.seqr STREAM:3}
BEGIN @0 {TXH:4 STREAM:3 NAME:uart_5_seq TIME=0  TYPE="Begin_No_Parent, Link" LABEL:"" DESC="Object ID: \uart_pkg::uart_5_seq @1 (@1180)
Sequencer ID: \uart_pkg::uart_tx_sequencer @1 (@869)
Phase: run
"}
BEGIN @0 {TXH:5 STREAM:1 NAME:cr TIME=0  TYPE="Begin_End, Link" LABEL:"" DESC="Object ID: \clock_and_reset_pkg::clock_and_reset_sequence @1 (@1188)
Sequencer ID: \clock_and_reset_pkg::clock_and_reset_sequencer @1 (@550)
Phase: N/A
"}
  LINK @0 {TXH1:2 TXH2:5 RELATION=child}
BEGIN @0 {TXH:6 STREAM:1 NAME:clk10_rst5_seq TIME=0  TYPE="Begin_No_Parent, Link" LABEL:"" DESC="Object ID: \clock_and_reset_pkg::clk10_rst5_seq @2 (@1202)
Sequencer ID: \clock_and_reset_pkg::clock_and_reset_sequencer @1 (@550)
Phase: pre_reset
"}
BEGIN @0 {TXH:7 STREAM:1 NAME:cr TIME=0  TYPE="Begin_End, Link" LABEL:"" DESC="Object ID: \clock_and_reset_pkg::clock_and_reset_sequence @2 (@1212)
Sequencer ID: \clock_and_reset_pkg::clock_and_reset_sequencer @1 (@550)
Phase: N/A
"}
  LINK @0 {TXH1:6 TXH2:7 RELATION=child}
BEGIN @0 {TXH:8 STREAM:3 NAME:req TIME=0  TYPE="Begin_End, Link" LABEL:"" DESC="Object ID: \uart_pkg::uart_packet @3 (@1192)
Sequencer ID: \uart_pkg::uart_tx_sequencer @1 (@869)
"}
  LINK @0 {TXH1:4 TXH2:8 RELATION=child}
BEGIN @0 {TXH:9 STREAM:1 NAME:req TIME=0  TYPE="Begin_End, Link" LABEL:"" DESC="Object ID: \clock_and_reset_pkg::clock_and_reset_sequence_item @1 (@1196)
Sequencer ID: \clock_and_reset_pkg::clock_and_reset_sequencer @1 (@550)
"}
  LINK @0 {TXH1:5 TXH2:9 RELATION=child}
  SET_ATTR @0 {TXH:9 NAME:clock_period VALUE:10   RADIX:UVM_HEX BITS=32}
  SET_ATTR @0 {TXH:9 NAME:reset_delay VALUE:5   RADIX:UVM_HEX BITS=32}
  SET_ATTR @0 {TXH:9 NAME:clock_cycles_to_count VALUE:0   RADIX:UVM_HEX BITS=32}
  SET_ATTR @0 {TXH:9 NAME:cycle_count_must_happen VALUE:0   RADIX:UVM_HEX BITS=1}
  SET_ATTR @0 {TXH:9 NAME:run_clock VALUE:1   RADIX:UVM_HEX BITS=1}
  SET_ATTR @0 {TXH:9 NAME:transaction_id VALUE:1   RADIX:UVM_DEC BITS=32}
END @0 {TXH:9 TIME=0}
FREE @0 {TXH:9}
END @0 {TXH:5 TIME=0}
FREE @0 {TXH:5}
BEGIN @0 {TXH:10 STREAM:1 NAME:req TIME=0  TYPE="Begin_End, Link" LABEL:"" DESC="Object ID: \clock_and_reset_pkg::clock_and_reset_sequence_item @2 (@1216)
Sequencer ID: \clock_and_reset_pkg::clock_and_reset_sequencer @1 (@550)
"}
  LINK @0 {TXH1:7 TXH2:10 RELATION=child}
  SET_ATTR @0 {TXH:10 NAME:clock_period VALUE:10   RADIX:UVM_HEX BITS=32}
  SET_ATTR @0 {TXH:10 NAME:reset_delay VALUE:5   RADIX:UVM_HEX BITS=32}
  SET_ATTR @0 {TXH:10 NAME:clock_cycles_to_count VALUE:0   RADIX:UVM_HEX BITS=32}
  SET_ATTR @0 {TXH:10 NAME:cycle_count_must_happen VALUE:0   RADIX:UVM_HEX BITS=1}
  SET_ATTR @0 {TXH:10 NAME:run_clock VALUE:1   RADIX:UVM_HEX BITS=1}
  SET_ATTR @0 {TXH:10 NAME:transaction_id VALUE:1   RADIX:UVM_DEC BITS=32}
END @0 {TXH:10 TIME=0}
FREE @0 {TXH:10}
END @0 {TXH:7 TIME=0}
FREE @0 {TXH:7}
BEGIN @0 {TXH:11 STREAM:1 NAME:clk10_rst5_seq TIME=0  TYPE="Begin_No_Parent, Link" LABEL:"" DESC="Object ID: \clock_and_reset_pkg::clk10_rst5_seq @3 (@1223)
Sequencer ID: \clock_and_reset_pkg::clock_and_reset_sequencer @1 (@550)
Phase: reset
"}
BEGIN @0 {TXH:12 STREAM:1 NAME:cr TIME=0  TYPE="Begin_End, Link" LABEL:"" DESC="Object ID: \clock_and_reset_pkg::clock_and_reset_sequence @3 (@1233)
Sequencer ID: \clock_and_reset_pkg::clock_and_reset_sequencer @1 (@550)
Phase: N/A
"}
  LINK @0 {TXH1:11 TXH2:12 RELATION=child}
BEGIN @0 {TXH:13 STREAM:1 NAME:req TIME=0  TYPE="Begin_End, Link" LABEL:"" DESC="Object ID: \clock_and_reset_pkg::clock_and_reset_sequence_item @3 (@1237)
Sequencer ID: \clock_and_reset_pkg::clock_and_reset_sequencer @1 (@550)
"}
  LINK @0 {TXH1:12 TXH2:13 RELATION=child}
  SET_ATTR @0 {TXH:13 NAME:clock_period VALUE:10   RADIX:UVM_HEX BITS=32}
  SET_ATTR @0 {TXH:13 NAME:reset_delay VALUE:5   RADIX:UVM_HEX BITS=32}
  SET_ATTR @0 {TXH:13 NAME:clock_cycles_to_count VALUE:0   RADIX:UVM_HEX BITS=32}
  SET_ATTR @0 {TXH:13 NAME:cycle_count_must_happen VALUE:0   RADIX:UVM_HEX BITS=1}
  SET_ATTR @0 {TXH:13 NAME:run_clock VALUE:1   RADIX:UVM_HEX BITS=1}
  SET_ATTR @0 {TXH:13 NAME:transaction_id VALUE:1   RADIX:UVM_DEC BITS=32}
END @0 {TXH:13 TIME=0}
FREE @0 {TXH:13}
END @0 {TXH:12 TIME=0}
FREE @0 {TXH:12}
BEGIN @0 {TXH:14 STREAM:1 NAME:clk10_rst5_seq TIME=0  TYPE="Begin_No_Parent, Link" LABEL:"" DESC="Object ID: \clock_and_reset_pkg::clk10_rst5_seq @4 (@1243)
Sequencer ID: \clock_and_reset_pkg::clock_and_reset_sequencer @1 (@550)
Phase: post_reset
"}
BEGIN @0 {TXH:15 STREAM:1 NAME:cr TIME=0  TYPE="Begin_End, Link" LABEL:"" DESC="Object ID: \clock_and_reset_pkg::clock_and_reset_sequence @4 (@1253)
Sequencer ID: \clock_and_reset_pkg::clock_and_reset_sequencer @1 (@550)
Phase: N/A
"}
  LINK @0 {TXH1:14 TXH2:15 RELATION=child}
BEGIN @0 {TXH:16 STREAM:1 NAME:req TIME=0  TYPE="Begin_End, Link" LABEL:"" DESC="Object ID: \clock_and_reset_pkg::clock_and_reset_sequence_item @4 (@1257)
Sequencer ID: \clock_and_reset_pkg::clock_and_reset_sequencer @1 (@550)
"}
  LINK @0 {TXH1:15 TXH2:16 RELATION=child}
  SET_ATTR @0 {TXH:16 NAME:clock_period VALUE:10   RADIX:UVM_HEX BITS=32}
  SET_ATTR @0 {TXH:16 NAME:reset_delay VALUE:5   RADIX:UVM_HEX BITS=32}
  SET_ATTR @0 {TXH:16 NAME:clock_cycles_to_count VALUE:0   RADIX:UVM_HEX BITS=32}
  SET_ATTR @0 {TXH:16 NAME:cycle_count_must_happen VALUE:0   RADIX:UVM_HEX BITS=1}
  SET_ATTR @0 {TXH:16 NAME:run_clock VALUE:1   RADIX:UVM_HEX BITS=1}
  SET_ATTR @0 {TXH:16 NAME:transaction_id VALUE:1   RADIX:UVM_DEC BITS=32}
END @0 {TXH:16 TIME=0}
FREE @0 {TXH:16}
END @0 {TXH:15 TIME=0}
FREE @0 {TXH:15}
BEGIN @0 {TXH:17 STREAM:1 NAME:clk10_rst5_seq TIME=0  TYPE="Begin_No_Parent, Link" LABEL:"" DESC="Object ID: \clock_and_reset_pkg::clk10_rst5_seq @5 (@1263)
Sequencer ID: \clock_and_reset_pkg::clock_and_reset_sequencer @1 (@550)
Phase: pre_configure
"}
BEGIN @0 {TXH:18 STREAM:1 NAME:cr TIME=0  TYPE="Begin_End, Link" LABEL:"" DESC="Object ID: \clock_and_reset_pkg::clock_and_reset_sequence @5 (@1273)
Sequencer ID: \clock_and_reset_pkg::clock_and_reset_sequencer @1 (@550)
Phase: N/A
"}
  LINK @0 {TXH1:17 TXH2:18 RELATION=child}
BEGIN @0 {TXH:19 STREAM:1 NAME:req TIME=0  TYPE="Begin_End, Link" LABEL:"" DESC="Object ID: \clock_and_reset_pkg::clock_and_reset_sequence_item @5 (@1277)
Sequencer ID: \clock_and_reset_pkg::clock_and_reset_sequencer @1 (@550)
"}
  LINK @0 {TXH1:18 TXH2:19 RELATION=child}
  SET_ATTR @0 {TXH:19 NAME:clock_period VALUE:10   RADIX:UVM_HEX BITS=32}
  SET_ATTR @0 {TXH:19 NAME:reset_delay VALUE:5   RADIX:UVM_HEX BITS=32}
  SET_ATTR @0 {TXH:19 NAME:clock_cycles_to_count VALUE:0   RADIX:UVM_HEX BITS=32}
  SET_ATTR @0 {TXH:19 NAME:cycle_count_must_happen VALUE:0   RADIX:UVM_HEX BITS=1}
  SET_ATTR @0 {TXH:19 NAME:run_clock VALUE:1   RADIX:UVM_HEX BITS=1}
  SET_ATTR @0 {TXH:19 NAME:transaction_id VALUE:1   RADIX:UVM_DEC BITS=32}
END @0 {TXH:19 TIME=0}
FREE @0 {TXH:19}
END @0 {TXH:18 TIME=0}
FREE @0 {TXH:18}
BEGIN @0 {TXH:20 STREAM:1 NAME:clk10_rst5_seq TIME=0  TYPE="Begin_No_Parent, Link" LABEL:"" DESC="Object ID: \clock_and_reset_pkg::clk10_rst5_seq @6 (@1283)
Sequencer ID: \clock_and_reset_pkg::clock_and_reset_sequencer @1 (@550)
Phase: configure
"}
BEGIN @0 {TXH:21 STREAM:1 NAME:cr TIME=0  TYPE="Begin_End, Link" LABEL:"" DESC="Object ID: \clock_and_reset_pkg::clock_and_reset_sequence @6 (@1293)
Sequencer ID: \clock_and_reset_pkg::clock_and_reset_sequencer @1 (@550)
Phase: N/A
"}
  LINK @0 {TXH1:20 TXH2:21 RELATION=child}
BEGIN @0 {TXH:22 STREAM:1 NAME:req TIME=0  TYPE="Begin_End, Link" LABEL:"" DESC="Object ID: \clock_and_reset_pkg::clock_and_reset_sequence_item @6 (@1297)
Sequencer ID: \clock_and_reset_pkg::clock_and_reset_sequencer @1 (@550)
"}
  LINK @0 {TXH1:21 TXH2:22 RELATION=child}
  SET_ATTR @0 {TXH:22 NAME:clock_period VALUE:10   RADIX:UVM_HEX BITS=32}
  SET_ATTR @0 {TXH:22 NAME:reset_delay VALUE:5   RADIX:UVM_HEX BITS=32}
  SET_ATTR @0 {TXH:22 NAME:clock_cycles_to_count VALUE:0   RADIX:UVM_HEX BITS=32}
  SET_ATTR @0 {TXH:22 NAME:cycle_count_must_happen VALUE:0   RADIX:UVM_HEX BITS=1}
  SET_ATTR @0 {TXH:22 NAME:run_clock VALUE:1   RADIX:UVM_HEX BITS=1}
  SET_ATTR @0 {TXH:22 NAME:transaction_id VALUE:1   RADIX:UVM_DEC BITS=32}
END @0 {TXH:22 TIME=0}
FREE @0 {TXH:22}
END @0 {TXH:21 TIME=0}
FREE @0 {TXH:21}
BEGIN @0 {TXH:23 STREAM:1 NAME:clk10_rst5_seq TIME=0  TYPE="Begin_No_Parent, Link" LABEL:"" DESC="Object ID: \clock_and_reset_pkg::clk10_rst5_seq @7 (@1303)
Sequencer ID: \clock_and_reset_pkg::clock_and_reset_sequencer @1 (@550)
Phase: post_configure
"}
BEGIN @0 {TXH:24 STREAM:1 NAME:cr TIME=0  TYPE="Begin_End, Link" LABEL:"" DESC="Object ID: \clock_and_reset_pkg::clock_and_reset_sequence @7 (@1313)
Sequencer ID: \clock_and_reset_pkg::clock_and_reset_sequencer @1 (@550)
Phase: N/A
"}
  LINK @0 {TXH1:23 TXH2:24 RELATION=child}
BEGIN @0 {TXH:25 STREAM:1 NAME:req TIME=0  TYPE="Begin_End, Link" LABEL:"" DESC="Object ID: \clock_and_reset_pkg::clock_and_reset_sequence_item @7 (@1317)
Sequencer ID: \clock_and_reset_pkg::clock_and_reset_sequencer @1 (@550)
"}
  LINK @0 {TXH1:24 TXH2:25 RELATION=child}
  SET_ATTR @0 {TXH:25 NAME:clock_period VALUE:10   RADIX:UVM_HEX BITS=32}
  SET_ATTR @0 {TXH:25 NAME:reset_delay VALUE:5   RADIX:UVM_HEX BITS=32}
  SET_ATTR @0 {TXH:25 NAME:clock_cycles_to_count VALUE:0   RADIX:UVM_HEX BITS=32}
  SET_ATTR @0 {TXH:25 NAME:cycle_count_must_happen VALUE:0   RADIX:UVM_HEX BITS=1}
  SET_ATTR @0 {TXH:25 NAME:run_clock VALUE:1   RADIX:UVM_HEX BITS=1}
  SET_ATTR @0 {TXH:25 NAME:transaction_id VALUE:1   RADIX:UVM_DEC BITS=32}
END @0 {TXH:25 TIME=0}
FREE @0 {TXH:25}
END @0 {TXH:24 TIME=0}
FREE @0 {TXH:24}
BEGIN @0 {TXH:26 STREAM:1 NAME:clk10_rst5_seq TIME=0  TYPE="Begin_No_Parent, Link" LABEL:"" DESC="Object ID: \clock_and_reset_pkg::clk10_rst5_seq @8 (@1323)
Sequencer ID: \clock_and_reset_pkg::clock_and_reset_sequencer @1 (@550)
Phase: pre_main
"}
BEGIN @0 {TXH:27 STREAM:1 NAME:cr TIME=0  TYPE="Begin_End, Link" LABEL:"" DESC="Object ID: \clock_and_reset_pkg::clock_and_reset_sequence @8 (@1333)
Sequencer ID: \clock_and_reset_pkg::clock_and_reset_sequencer @1 (@550)
Phase: N/A
"}
  LINK @0 {TXH1:26 TXH2:27 RELATION=child}
BEGIN @0 {TXH:28 STREAM:1 NAME:req TIME=0  TYPE="Begin_End, Link" LABEL:"" DESC="Object ID: \clock_and_reset_pkg::clock_and_reset_sequence_item @8 (@1337)
Sequencer ID: \clock_and_reset_pkg::clock_and_reset_sequencer @1 (@550)
"}
  LINK @0 {TXH1:27 TXH2:28 RELATION=child}
  SET_ATTR @0 {TXH:28 NAME:clock_period VALUE:10   RADIX:UVM_HEX BITS=32}
  SET_ATTR @0 {TXH:28 NAME:reset_delay VALUE:5   RADIX:UVM_HEX BITS=32}
  SET_ATTR @0 {TXH:28 NAME:clock_cycles_to_count VALUE:0   RADIX:UVM_HEX BITS=32}
  SET_ATTR @0 {TXH:28 NAME:cycle_count_must_happen VALUE:0   RADIX:UVM_HEX BITS=1}
  SET_ATTR @0 {TXH:28 NAME:run_clock VALUE:1   RADIX:UVM_HEX BITS=1}
  SET_ATTR @0 {TXH:28 NAME:transaction_id VALUE:1   RADIX:UVM_DEC BITS=32}
END @0 {TXH:28 TIME=0}
FREE @0 {TXH:28}
END @0 {TXH:27 TIME=0}
FREE @0 {TXH:27}
BEGIN @0 {TXH:29 STREAM:1 NAME:clk10_rst5_seq TIME=0  TYPE="Begin_No_Parent, Link" LABEL:"" DESC="Object ID: \clock_and_reset_pkg::clk10_rst5_seq @9 (@1343)
Sequencer ID: \clock_and_reset_pkg::clock_and_reset_sequencer @1 (@550)
Phase: main
"}
BEGIN @0 {TXH:30 STREAM:1 NAME:cr TIME=0  TYPE="Begin_End, Link" LABEL:"" DESC="Object ID: \clock_and_reset_pkg::clock_and_reset_sequence @9 (@1353)
Sequencer ID: \clock_and_reset_pkg::clock_and_reset_sequencer @1 (@550)
Phase: N/A
"}
  LINK @0 {TXH1:29 TXH2:30 RELATION=child}
BEGIN @0 {TXH:31 STREAM:1 NAME:req TIME=0  TYPE="Begin_End, Link" LABEL:"" DESC="Object ID: \clock_and_reset_pkg::clock_and_reset_sequence_item @9 (@1357)
Sequencer ID: \clock_and_reset_pkg::clock_and_reset_sequencer @1 (@550)
"}
  LINK @0 {TXH1:30 TXH2:31 RELATION=child}
  SET_ATTR @0 {TXH:31 NAME:clock_period VALUE:10   RADIX:UVM_HEX BITS=32}
  SET_ATTR @0 {TXH:31 NAME:reset_delay VALUE:5   RADIX:UVM_HEX BITS=32}
  SET_ATTR @0 {TXH:31 NAME:clock_cycles_to_count VALUE:0   RADIX:UVM_HEX BITS=32}
  SET_ATTR @0 {TXH:31 NAME:cycle_count_must_happen VALUE:0   RADIX:UVM_HEX BITS=1}
  SET_ATTR @0 {TXH:31 NAME:run_clock VALUE:1   RADIX:UVM_HEX BITS=1}
  SET_ATTR @0 {TXH:31 NAME:transaction_id VALUE:1   RADIX:UVM_DEC BITS=32}
END @0 {TXH:31 TIME=0}
FREE @0 {TXH:31}
END @0 {TXH:30 TIME=0}
FREE @0 {TXH:30}
BEGIN @0 {TXH:32 STREAM:1 NAME:clk10_rst5_seq TIME=0  TYPE="Begin_No_Parent, Link" LABEL:"" DESC="Object ID: \clock_and_reset_pkg::clk10_rst5_seq @10 (@1363)
Sequencer ID: \clock_and_reset_pkg::clock_and_reset_sequencer @1 (@550)
Phase: post_main
"}
BEGIN @0 {TXH:33 STREAM:1 NAME:cr TIME=0  TYPE="Begin_End, Link" LABEL:"" DESC="Object ID: \clock_and_reset_pkg::clock_and_reset_sequence @10 (@1373)
Sequencer ID: \clock_and_reset_pkg::clock_and_reset_sequencer @1 (@550)
Phase: N/A
"}
  LINK @0 {TXH1:32 TXH2:33 RELATION=child}
BEGIN @0 {TXH:34 STREAM:1 NAME:req TIME=0  TYPE="Begin_End, Link" LABEL:"" DESC="Object ID: \clock_and_reset_pkg::clock_and_reset_sequence_item @10 (@1377)
Sequencer ID: \clock_and_reset_pkg::clock_and_reset_sequencer @1 (@550)
"}
  LINK @0 {TXH1:33 TXH2:34 RELATION=child}
  SET_ATTR @0 {TXH:34 NAME:clock_period VALUE:10   RADIX:UVM_HEX BITS=32}
  SET_ATTR @0 {TXH:34 NAME:reset_delay VALUE:5   RADIX:UVM_HEX BITS=32}
  SET_ATTR @0 {TXH:34 NAME:clock_cycles_to_count VALUE:0   RADIX:UVM_HEX BITS=32}
  SET_ATTR @0 {TXH:34 NAME:cycle_count_must_happen VALUE:0   RADIX:UVM_HEX BITS=1}
  SET_ATTR @0 {TXH:34 NAME:run_clock VALUE:1   RADIX:UVM_HEX BITS=1}
  SET_ATTR @0 {TXH:34 NAME:transaction_id VALUE:1   RADIX:UVM_DEC BITS=32}
END @0 {TXH:34 TIME=0}
FREE @0 {TXH:34}
END @0 {TXH:33 TIME=0}
FREE @0 {TXH:33}
BEGIN @0 {TXH:35 STREAM:1 NAME:clk10_rst5_seq TIME=0  TYPE="Begin_No_Parent, Link" LABEL:"" DESC="Object ID: \clock_and_reset_pkg::clk10_rst5_seq @11 (@1383)
Sequencer ID: \clock_and_reset_pkg::clock_and_reset_sequencer @1 (@550)
Phase: pre_shutdown
"}
BEGIN @0 {TXH:36 STREAM:1 NAME:cr TIME=0  TYPE="Begin_End, Link" LABEL:"" DESC="Object ID: \clock_and_reset_pkg::clock_and_reset_sequence @11 (@1393)
Sequencer ID: \clock_and_reset_pkg::clock_and_reset_sequencer @1 (@550)
Phase: N/A
"}
  LINK @0 {TXH1:35 TXH2:36 RELATION=child}
BEGIN @0 {TXH:37 STREAM:1 NAME:req TIME=0  TYPE="Begin_End, Link" LABEL:"" DESC="Object ID: \clock_and_reset_pkg::clock_and_reset_sequence_item @11 (@1397)
Sequencer ID: \clock_and_reset_pkg::clock_and_reset_sequencer @1 (@550)
"}
  LINK @0 {TXH1:36 TXH2:37 RELATION=child}
  SET_ATTR @0 {TXH:37 NAME:clock_period VALUE:10   RADIX:UVM_HEX BITS=32}
  SET_ATTR @0 {TXH:37 NAME:reset_delay VALUE:5   RADIX:UVM_HEX BITS=32}
  SET_ATTR @0 {TXH:37 NAME:clock_cycles_to_count VALUE:0   RADIX:UVM_HEX BITS=32}
  SET_ATTR @0 {TXH:37 NAME:cycle_count_must_happen VALUE:0   RADIX:UVM_HEX BITS=1}
  SET_ATTR @0 {TXH:37 NAME:run_clock VALUE:1   RADIX:UVM_HEX BITS=1}
  SET_ATTR @0 {TXH:37 NAME:transaction_id VALUE:1   RADIX:UVM_DEC BITS=32}
END @0 {TXH:37 TIME=0}
FREE @0 {TXH:37}
END @0 {TXH:36 TIME=0}
FREE @0 {TXH:36}
BEGIN @0 {TXH:38 STREAM:1 NAME:clk10_rst5_seq TIME=0  TYPE="Begin_No_Parent, Link" LABEL:"" DESC="Object ID: \clock_and_reset_pkg::clk10_rst5_seq @12 (@1403)
Sequencer ID: \clock_and_reset_pkg::clock_and_reset_sequencer @1 (@550)
Phase: shutdown
"}
BEGIN @0 {TXH:39 STREAM:1 NAME:cr TIME=0  TYPE="Begin_End, Link" LABEL:"" DESC="Object ID: \clock_and_reset_pkg::clock_and_reset_sequence @12 (@1413)
Sequencer ID: \clock_and_reset_pkg::clock_and_reset_sequencer @1 (@550)
Phase: N/A
"}
  LINK @0 {TXH1:38 TXH2:39 RELATION=child}
BEGIN @0 {TXH:40 STREAM:1 NAME:req TIME=0  TYPE="Begin_End, Link" LABEL:"" DESC="Object ID: \clock_and_reset_pkg::clock_and_reset_sequence_item @12 (@1417)
Sequencer ID: \clock_and_reset_pkg::clock_and_reset_sequencer @1 (@550)
"}
  LINK @0 {TXH1:39 TXH2:40 RELATION=child}
  SET_ATTR @0 {TXH:40 NAME:clock_period VALUE:10   RADIX:UVM_HEX BITS=32}
  SET_ATTR @0 {TXH:40 NAME:reset_delay VALUE:5   RADIX:UVM_HEX BITS=32}
  SET_ATTR @0 {TXH:40 NAME:clock_cycles_to_count VALUE:0   RADIX:UVM_HEX BITS=32}
  SET_ATTR @0 {TXH:40 NAME:cycle_count_must_happen VALUE:0   RADIX:UVM_HEX BITS=1}
  SET_ATTR @0 {TXH:40 NAME:run_clock VALUE:1   RADIX:UVM_HEX BITS=1}
  SET_ATTR @0 {TXH:40 NAME:transaction_id VALUE:1   RADIX:UVM_DEC BITS=32}
END @0 {TXH:40 TIME=0}
FREE @0 {TXH:40}
END @0 {TXH:39 TIME=0}
FREE @0 {TXH:39}
BEGIN @0 {TXH:41 STREAM:1 NAME:clk10_rst5_seq TIME=0  TYPE="Begin_No_Parent, Link" LABEL:"" DESC="Object ID: \clock_and_reset_pkg::clk10_rst5_seq @13 (@1423)
Sequencer ID: \clock_and_reset_pkg::clock_and_reset_sequencer @1 (@550)
Phase: post_shutdown
"}
BEGIN @0 {TXH:42 STREAM:1 NAME:cr TIME=0  TYPE="Begin_End, Link" LABEL:"" DESC="Object ID: \clock_and_reset_pkg::clock_and_reset_sequence @13 (@1433)
Sequencer ID: \clock_and_reset_pkg::clock_and_reset_sequencer @1 (@550)
Phase: N/A
"}
  LINK @0 {TXH1:41 TXH2:42 RELATION=child}
BEGIN @0 {TXH:43 STREAM:1 NAME:req TIME=0  TYPE="Begin_End, Link" LABEL:"" DESC="Object ID: \clock_and_reset_pkg::clock_and_reset_sequence_item @13 (@1437)
Sequencer ID: \clock_and_reset_pkg::clock_and_reset_sequencer @1 (@550)
"}
  LINK @0 {TXH1:42 TXH2:43 RELATION=child}
  SET_ATTR @0 {TXH:43 NAME:clock_period VALUE:10   RADIX:UVM_HEX BITS=32}
  SET_ATTR @0 {TXH:43 NAME:reset_delay VALUE:5   RADIX:UVM_HEX BITS=32}
  SET_ATTR @0 {TXH:43 NAME:clock_cycles_to_count VALUE:0   RADIX:UVM_HEX BITS=32}
  SET_ATTR @0 {TXH:43 NAME:cycle_count_must_happen VALUE:0   RADIX:UVM_HEX BITS=1}
  SET_ATTR @0 {TXH:43 NAME:run_clock VALUE:1   RADIX:UVM_HEX BITS=1}
  SET_ATTR @0 {TXH:43 NAME:transaction_id VALUE:1   RADIX:UVM_DEC BITS=32}
END @0 {TXH:43 TIME=0}
FREE @0 {TXH:43}
END @0 {TXH:42 TIME=0}
FREE @0 {TXH:42}
END @3000 {TXH:2 TIME=0}
FREE @3000 {TXH:2}
END @3000 {TXH:41 TIME=0}
FREE @3000 {TXH:41}
  SET_ATTR @22000 {TXH:8 NAME:data VALUE:0   RADIX:UVM_HEX BITS=8}
  SET_ATTR @22000 {TXH:8 NAME:parity_mode VALUE:374326257488473071637593   RADIX:UVM_STRING BITS=80}
  SET_ATTR @22000 {TXH:8 NAME:baud_rate VALUE:9600   RADIX:UVM_HEX BITS=32}
  SET_ATTR @22000 {TXH:8 NAME:transaction_id VALUE:1   RADIX:UVM_DEC BITS=32}
END @22000 {TXH:8 TIME=0}
FREE @22000 {TXH:8}
BEGIN @22000 {TXH:44 STREAM:3 NAME:req TIME=0  TYPE="Begin_End, Link" LABEL:"" DESC="Object ID: \uart_pkg::uart_packet @4 (@1442)
Sequencer ID: \uart_pkg::uart_tx_sequencer @1 (@869)
"}
  LINK @22000 {TXH1:4 TXH2:44 RELATION=child}
  SET_ATTR @44000 {TXH:44 NAME:data VALUE:1   RADIX:UVM_HEX BITS=8}
  SET_ATTR @44000 {TXH:44 NAME:parity_mode VALUE:374326257488473071637593   RADIX:UVM_STRING BITS=80}
  SET_ATTR @44000 {TXH:44 NAME:baud_rate VALUE:9600   RADIX:UVM_HEX BITS=32}
  SET_ATTR @44000 {TXH:44 NAME:transaction_id VALUE:2   RADIX:UVM_DEC BITS=32}
END @44000 {TXH:44 TIME=0}
FREE @44000 {TXH:44}
BEGIN @44000 {TXH:45 STREAM:3 NAME:req TIME=0  TYPE="Begin_End, Link" LABEL:"" DESC="Object ID: \uart_pkg::uart_packet @5 (@1446)
Sequencer ID: \uart_pkg::uart_tx_sequencer @1 (@869)
"}
  LINK @44000 {TXH1:4 TXH2:45 RELATION=child}
  SET_ATTR @66000 {TXH:45 NAME:data VALUE:2   RADIX:UVM_HEX BITS=8}
  SET_ATTR @66000 {TXH:45 NAME:parity_mode VALUE:374326257488473071637593   RADIX:UVM_STRING BITS=80}
  SET_ATTR @66000 {TXH:45 NAME:baud_rate VALUE:9600   RADIX:UVM_HEX BITS=32}
  SET_ATTR @66000 {TXH:45 NAME:transaction_id VALUE:3   RADIX:UVM_DEC BITS=32}
END @66000 {TXH:45 TIME=0}
FREE @66000 {TXH:45}
BEGIN @66000 {TXH:46 STREAM:3 NAME:req TIME=0  TYPE="Begin_End, Link" LABEL:"" DESC="Object ID: \uart_pkg::uart_packet @6 (@1450)
Sequencer ID: \uart_pkg::uart_tx_sequencer @1 (@869)
"}
  LINK @66000 {TXH1:4 TXH2:46 RELATION=child}
  SET_ATTR @88000 {TXH:46 NAME:data VALUE:3   RADIX:UVM_HEX BITS=8}
  SET_ATTR @88000 {TXH:46 NAME:parity_mode VALUE:374326257488473071637593   RADIX:UVM_STRING BITS=80}
  SET_ATTR @88000 {TXH:46 NAME:baud_rate VALUE:9600   RADIX:UVM_HEX BITS=32}
  SET_ATTR @88000 {TXH:46 NAME:transaction_id VALUE:4   RADIX:UVM_DEC BITS=32}
END @88000 {TXH:46 TIME=0}
FREE @88000 {TXH:46}
BEGIN @88000 {TXH:47 STREAM:3 NAME:req TIME=0  TYPE="Begin_End, Link" LABEL:"" DESC="Object ID: \uart_pkg::uart_packet @7 (@1454)
Sequencer ID: \uart_pkg::uart_tx_sequencer @1 (@869)
"}
  LINK @88000 {TXH1:4 TXH2:47 RELATION=child}
  SET_ATTR @110000 {TXH:47 NAME:data VALUE:4   RADIX:UVM_HEX BITS=8}
  SET_ATTR @110000 {TXH:47 NAME:parity_mode VALUE:374326257488473071637593   RADIX:UVM_STRING BITS=80}
  SET_ATTR @110000 {TXH:47 NAME:baud_rate VALUE:9600   RADIX:UVM_HEX BITS=32}
  SET_ATTR @110000 {TXH:47 NAME:transaction_id VALUE:5   RADIX:UVM_DEC BITS=32}
END @110000 {TXH:47 TIME=0}
FREE @110000 {TXH:47}
BEGIN @110000 {TXH:48 STREAM:3 NAME:req TIME=0  TYPE="Begin_End, Link" LABEL:"" DESC="Object ID: \uart_pkg::uart_packet @8 (@1458)
Sequencer ID: \uart_pkg::uart_tx_sequencer @1 (@869)
"}
  LINK @110000 {TXH1:4 TXH2:48 RELATION=child}
  SET_ATTR @132000 {TXH:48 NAME:data VALUE:5   RADIX:UVM_HEX BITS=8}
  SET_ATTR @132000 {TXH:48 NAME:parity_mode VALUE:374326257488473071637593   RADIX:UVM_STRING BITS=80}
  SET_ATTR @132000 {TXH:48 NAME:baud_rate VALUE:9600   RADIX:UVM_HEX BITS=32}
  SET_ATTR @132000 {TXH:48 NAME:transaction_id VALUE:6   RADIX:UVM_DEC BITS=32}
END @132000 {TXH:48 TIME=0}
FREE @132000 {TXH:48}
END @182000 {TXH:4 TIME=0}
FREE @182000 {TXH:4}
