  CREATE_STREAM @0 {NAME:config_uart T:TVM SCOPE:uvm_test_top.testBench.env.master_agent.sequencer STREAM:1}
BEGIN @0 {TXH:2 STREAM:1 NAME:config_uart TIME=0  TYPE="Begin_No_Parent, Link" LABEL:"" DESC=""}
BEGIN @0 {TXH:3 STREAM:1 NAME:wb_write TIME=0  TYPE="Begin_End, Link" LABEL:"" DESC=""}
  LINK @0 {TXH1:2 TXH2:3 RELATION=child}
BEGIN @2100 {TXH:4 STREAM:1 NAME:req TIME=0  TYPE="Begin_End, Link" LABEL:"" DESC=""}
  LINK @2100 {TXH1:3 TXH2:4 RELATION=child}
  SET_ATTR @5000 {TXH:4 NAME:address VALUE:32   RADIX:UVM_DEC BITS=32}
  SET_ATTR @5000 {TXH:4 NAME:data VALUE:0   RADIX:UVM_BIN BITS=8}
  SET_ATTR @5000 {TXH:4 NAME:M_STATE VALUE:375042692165   RADIX:UVM_STRING BITS=40}
  SET_ATTR @5000 {TXH:4 NAME:transaction_id VALUE:1   RADIX:UVM_DEC BITS=32}
END @5000 {TXH:4 TIME=0}
FREE @5000 {TXH:4}
END @5000 {TXH:3 TIME=0}
FREE @5000 {TXH:3}
BEGIN @5000 {TXH:5 STREAM:1 NAME:wb_write TIME=0  TYPE="Begin_End, Link" LABEL:"" DESC=""}
  LINK @5000 {TXH1:2 TXH2:5 RELATION=child}
BEGIN @5000 {TXH:6 STREAM:1 NAME:req TIME=0  TYPE="Begin_End, Link" LABEL:"" DESC=""}
  LINK @5000 {TXH1:5 TXH2:6 RELATION=child}
  SET_ATTR @8000 {TXH:6 NAME:address VALUE:33   RADIX:UVM_DEC BITS=32}
  SET_ATTR @8000 {TXH:6 NAME:data VALUE:0   RADIX:UVM_BIN BITS=8}
  SET_ATTR @8000 {TXH:6 NAME:M_STATE VALUE:375042692165   RADIX:UVM_STRING BITS=40}
  SET_ATTR @8000 {TXH:6 NAME:transaction_id VALUE:1   RADIX:UVM_DEC BITS=32}
END @8000 {TXH:6 TIME=0}
FREE @8000 {TXH:6}
END @8000 {TXH:5 TIME=0}
FREE @8000 {TXH:5}
BEGIN @8000 {TXH:7 STREAM:1 NAME:wb_write TIME=0  TYPE="Begin_End, Link" LABEL:"" DESC=""}
  LINK @8000 {TXH1:2 TXH2:7 RELATION=child}
BEGIN @8000 {TXH:8 STREAM:1 NAME:req TIME=0  TYPE="Begin_End, Link" LABEL:"" DESC=""}
  LINK @8000 {TXH1:7 TXH2:8 RELATION=child}
  SET_ATTR @11000 {TXH:8 NAME:address VALUE:34   RADIX:UVM_DEC BITS=32}
  SET_ATTR @11000 {TXH:8 NAME:data VALUE:0   RADIX:UVM_BIN BITS=8}
  SET_ATTR @11000 {TXH:8 NAME:M_STATE VALUE:375042692165   RADIX:UVM_STRING BITS=40}
  SET_ATTR @11000 {TXH:8 NAME:transaction_id VALUE:1   RADIX:UVM_DEC BITS=32}
END @11000 {TXH:8 TIME=0}
FREE @11000 {TXH:8}
END @11000 {TXH:7 TIME=0}
FREE @11000 {TXH:7}
BEGIN @11000 {TXH:9 STREAM:1 NAME:wb_write TIME=0  TYPE="Begin_End, Link" LABEL:"" DESC=""}
  LINK @11000 {TXH1:2 TXH2:9 RELATION=child}
BEGIN @11000 {TXH:10 STREAM:1 NAME:req TIME=0  TYPE="Begin_End, Link" LABEL:"" DESC=""}
  LINK @11000 {TXH1:9 TXH2:10 RELATION=child}
  SET_ATTR @14000 {TXH:10 NAME:address VALUE:35   RADIX:UVM_DEC BITS=32}
  SET_ATTR @14000 {TXH:10 NAME:data VALUE:11   RADIX:UVM_BIN BITS=8}
  SET_ATTR @14000 {TXH:10 NAME:M_STATE VALUE:375042692165   RADIX:UVM_STRING BITS=40}
  SET_ATTR @14000 {TXH:10 NAME:transaction_id VALUE:1   RADIX:UVM_DEC BITS=32}
END @14000 {TXH:10 TIME=0}
FREE @14000 {TXH:10}
END @14000 {TXH:9 TIME=0}
FREE @14000 {TXH:9}
BEGIN @14000 {TXH:11 STREAM:1 NAME:wb_write TIME=0  TYPE="Begin_End, Link" LABEL:"" DESC=""}
  LINK @14000 {TXH1:2 TXH2:11 RELATION=child}
BEGIN @14000 {TXH:12 STREAM:1 NAME:req TIME=0  TYPE="Begin_End, Link" LABEL:"" DESC=""}
  LINK @14000 {TXH1:11 TXH2:12 RELATION=child}
  SET_ATTR @17000 {TXH:12 NAME:address VALUE:36   RADIX:UVM_DEC BITS=32}
  SET_ATTR @17000 {TXH:12 NAME:data VALUE:0   RADIX:UVM_BIN BITS=8}
  SET_ATTR @17000 {TXH:12 NAME:M_STATE VALUE:375042692165   RADIX:UVM_STRING BITS=40}
  SET_ATTR @17000 {TXH:12 NAME:transaction_id VALUE:1   RADIX:UVM_DEC BITS=32}
END @17000 {TXH:12 TIME=0}
FREE @17000 {TXH:12}
END @17000 {TXH:11 TIME=0}
FREE @17000 {TXH:11}
BEGIN @17000 {TXH:13 STREAM:1 NAME:wb_write TIME=0  TYPE="Begin_End, Link" LABEL:"" DESC=""}
  LINK @17000 {TXH1:2 TXH2:13 RELATION=child}
BEGIN @17000 {TXH:14 STREAM:1 NAME:req TIME=0  TYPE="Begin_End, Link" LABEL:"" DESC=""}
  LINK @17000 {TXH1:13 TXH2:14 RELATION=child}
  SET_ATTR @20000 {TXH:14 NAME:address VALUE:35   RADIX:UVM_DEC BITS=32}
  SET_ATTR @20000 {TXH:14 NAME:data VALUE:139   RADIX:UVM_BIN BITS=8}
  SET_ATTR @20000 {TXH:14 NAME:M_STATE VALUE:375042692165   RADIX:UVM_STRING BITS=40}
  SET_ATTR @20000 {TXH:14 NAME:transaction_id VALUE:1   RADIX:UVM_DEC BITS=32}
END @20000 {TXH:14 TIME=0}
FREE @20000 {TXH:14}
END @20000 {TXH:13 TIME=0}
FREE @20000 {TXH:13}
BEGIN @20000 {TXH:15 STREAM:1 NAME:wb_write TIME=0  TYPE="Begin_End, Link" LABEL:"" DESC=""}
  LINK @20000 {TXH1:2 TXH2:15 RELATION=child}
BEGIN @20000 {TXH:16 STREAM:1 NAME:req TIME=0  TYPE="Begin_End, Link" LABEL:"" DESC=""}
  LINK @20000 {TXH1:15 TXH2:16 RELATION=child}
  SET_ATTR @23000 {TXH:16 NAME:address VALUE:33   RADIX:UVM_DEC BITS=32}
  SET_ATTR @23000 {TXH:16 NAME:data VALUE:1   RADIX:UVM_BIN BITS=8}
  SET_ATTR @23000 {TXH:16 NAME:M_STATE VALUE:375042692165   RADIX:UVM_STRING BITS=40}
  SET_ATTR @23000 {TXH:16 NAME:transaction_id VALUE:1   RADIX:UVM_DEC BITS=32}
END @23000 {TXH:16 TIME=0}
FREE @23000 {TXH:16}
END @23000 {TXH:15 TIME=0}
FREE @23000 {TXH:15}
BEGIN @23000 {TXH:17 STREAM:1 NAME:wb_write TIME=0  TYPE="Begin_End, Link" LABEL:"" DESC=""}
  LINK @23000 {TXH1:2 TXH2:17 RELATION=child}
BEGIN @23000 {TXH:18 STREAM:1 NAME:req TIME=0  TYPE="Begin_End, Link" LABEL:"" DESC=""}
  LINK @23000 {TXH1:17 TXH2:18 RELATION=child}
  SET_ATTR @26000 {TXH:18 NAME:address VALUE:32   RADIX:UVM_DEC BITS=32}
  SET_ATTR @26000 {TXH:18 NAME:data VALUE:69   RADIX:UVM_BIN BITS=8}
  SET_ATTR @26000 {TXH:18 NAME:M_STATE VALUE:375042692165   RADIX:UVM_STRING BITS=40}
  SET_ATTR @26000 {TXH:18 NAME:transaction_id VALUE:1   RADIX:UVM_DEC BITS=32}
END @26000 {TXH:18 TIME=0}
FREE @26000 {TXH:18}
END @26000 {TXH:17 TIME=0}
FREE @26000 {TXH:17}
END @26000 {TXH:2 TIME=0}
FREE @26000 {TXH:2}
