  CREATE_STREAM @0 {NAME:clk10_rst5_seq T:TVM SCOPE:uvm_test_top.tb.clk_rst_env.agent.sequencer STREAM:1}
BEGIN @0 {TXH:2 STREAM:1 NAME:clk10_rst5_seq TIME=0  TYPE="Begin_No_Parent, Link" LABEL:"" DESC="Object ID: \clock_and_reset_pkg::clk10_rst5_seq @1 (@1176)
Sequencer ID: \clock_and_reset_pkg::clock_and_reset_sequencer @1 (@552)
Phase: run
"}
  CREATE_STREAM @0 {NAME:uart_read_baudrate T:TVM SCOPE:uvm_test_top.tb.wbenv.master_agent.sequencer STREAM:3}
BEGIN @0 {TXH:4 STREAM:3 NAME:uart_read_baudrate TIME=0  TYPE="Begin_No_Parent, Link" LABEL:"" DESC="Object ID: \wb_pkg::uart_read_baudrate @1 (@1194)
Sequencer ID: \wb_pkg::wb_master_sequencer @1 (@1028)
Phase: run
"}
BEGIN @0 {TXH:5 STREAM:1 NAME:cr TIME=0  TYPE="Begin_End, Link" LABEL:"" DESC="Object ID: \clock_and_reset_pkg::clock_and_reset_sequence @1 (@1208)
Sequencer ID: \clock_and_reset_pkg::clock_and_reset_sequencer @1 (@552)
Phase: N/A
"}
  LINK @0 {TXH1:2 TXH2:5 RELATION=child}
BEGIN @0 {TXH:6 STREAM:3 NAME:wb_write TIME=0  TYPE="Begin_End, Link" LABEL:"" DESC="Object ID: \wb_pkg::wb_write_seq @2 (@1212)
Sequencer ID: \wb_pkg::wb_master_sequencer @1 (@1028)
Phase: N/A
"}
  LINK @0 {TXH1:4 TXH2:6 RELATION=child}
BEGIN @0 {TXH:7 STREAM:1 NAME:clk10_rst5_seq TIME=0  TYPE="Begin_No_Parent, Link" LABEL:"" DESC="Object ID: \clock_and_reset_pkg::clk10_rst5_seq @2 (@1226)
Sequencer ID: \clock_and_reset_pkg::clock_and_reset_sequencer @1 (@552)
Phase: pre_reset
"}
BEGIN @0 {TXH:8 STREAM:1 NAME:cr TIME=0  TYPE="Begin_End, Link" LABEL:"" DESC="Object ID: \clock_and_reset_pkg::clock_and_reset_sequence @2 (@1236)
Sequencer ID: \clock_and_reset_pkg::clock_and_reset_sequencer @1 (@552)
Phase: N/A
"}
  LINK @0 {TXH1:7 TXH2:8 RELATION=child}
BEGIN @0 {TXH:9 STREAM:1 NAME:req TIME=0  TYPE="Begin_End, Link" LABEL:"" DESC="Object ID: \clock_and_reset_pkg::clock_and_reset_sequence_item @1 (@1216)
Sequencer ID: \clock_and_reset_pkg::clock_and_reset_sequencer @1 (@552)
"}
  LINK @0 {TXH1:5 TXH2:9 RELATION=child}
  SET_ATTR @0 {TXH:9 NAME:clock_period VALUE:10   RADIX:UVM_HEX BITS=32}
  SET_ATTR @0 {TXH:9 NAME:reset_delay VALUE:5   RADIX:UVM_HEX BITS=32}
  SET_ATTR @0 {TXH:9 NAME:clock_cycles_to_count VALUE:0   RADIX:UVM_HEX BITS=32}
  SET_ATTR @0 {TXH:9 NAME:cycle_count_must_happen VALUE:0   RADIX:UVM_HEX BITS=1}
  SET_ATTR @0 {TXH:9 NAME:run_clock VALUE:1   RADIX:UVM_HEX BITS=1}
  SET_ATTR @0 {TXH:9 NAME:transaction_id VALUE:1   RADIX:UVM_DEC BITS=32}
END @0 {TXH:9 TIME=0}
FREE @0 {TXH:9}
END @0 {TXH:5 TIME=0}
FREE @0 {TXH:5}
BEGIN @0 {TXH:10 STREAM:1 NAME:req TIME=0  TYPE="Begin_End, Link" LABEL:"" DESC="Object ID: \clock_and_reset_pkg::clock_and_reset_sequence_item @2 (@1240)
Sequencer ID: \clock_and_reset_pkg::clock_and_reset_sequencer @1 (@552)
"}
  LINK @0 {TXH1:8 TXH2:10 RELATION=child}
  SET_ATTR @0 {TXH:10 NAME:clock_period VALUE:10   RADIX:UVM_HEX BITS=32}
  SET_ATTR @0 {TXH:10 NAME:reset_delay VALUE:5   RADIX:UVM_HEX BITS=32}
  SET_ATTR @0 {TXH:10 NAME:clock_cycles_to_count VALUE:0   RADIX:UVM_HEX BITS=32}
  SET_ATTR @0 {TXH:10 NAME:cycle_count_must_happen VALUE:0   RADIX:UVM_HEX BITS=1}
  SET_ATTR @0 {TXH:10 NAME:run_clock VALUE:1   RADIX:UVM_HEX BITS=1}
  SET_ATTR @0 {TXH:10 NAME:transaction_id VALUE:1   RADIX:UVM_DEC BITS=32}
END @0 {TXH:10 TIME=0}
FREE @0 {TXH:10}
END @0 {TXH:8 TIME=0}
FREE @0 {TXH:8}
BEGIN @0 {TXH:11 STREAM:1 NAME:clk10_rst5_seq TIME=0  TYPE="Begin_No_Parent, Link" LABEL:"" DESC="Object ID: \clock_and_reset_pkg::clk10_rst5_seq @3 (@1247)
Sequencer ID: \clock_and_reset_pkg::clock_and_reset_sequencer @1 (@552)
Phase: reset
"}
BEGIN @0 {TXH:12 STREAM:1 NAME:cr TIME=0  TYPE="Begin_End, Link" LABEL:"" DESC="Object ID: \clock_and_reset_pkg::clock_and_reset_sequence @3 (@1257)
Sequencer ID: \clock_and_reset_pkg::clock_and_reset_sequencer @1 (@552)
Phase: N/A
"}
  LINK @0 {TXH1:11 TXH2:12 RELATION=child}
BEGIN @0 {TXH:13 STREAM:1 NAME:req TIME=0  TYPE="Begin_End, Link" LABEL:"" DESC="Object ID: \clock_and_reset_pkg::clock_and_reset_sequence_item @3 (@1261)
Sequencer ID: \clock_and_reset_pkg::clock_and_reset_sequencer @1 (@552)
"}
  LINK @0 {TXH1:12 TXH2:13 RELATION=child}
  SET_ATTR @0 {TXH:13 NAME:clock_period VALUE:10   RADIX:UVM_HEX BITS=32}
  SET_ATTR @0 {TXH:13 NAME:reset_delay VALUE:5   RADIX:UVM_HEX BITS=32}
  SET_ATTR @0 {TXH:13 NAME:clock_cycles_to_count VALUE:0   RADIX:UVM_HEX BITS=32}
  SET_ATTR @0 {TXH:13 NAME:cycle_count_must_happen VALUE:0   RADIX:UVM_HEX BITS=1}
  SET_ATTR @0 {TXH:13 NAME:run_clock VALUE:1   RADIX:UVM_HEX BITS=1}
  SET_ATTR @0 {TXH:13 NAME:transaction_id VALUE:1   RADIX:UVM_DEC BITS=32}
END @0 {TXH:13 TIME=0}
FREE @0 {TXH:13}
END @0 {TXH:12 TIME=0}
FREE @0 {TXH:12}
BEGIN @0 {TXH:14 STREAM:1 NAME:clk10_rst5_seq TIME=0  TYPE="Begin_No_Parent, Link" LABEL:"" DESC="Object ID: \clock_and_reset_pkg::clk10_rst5_seq @4 (@1267)
Sequencer ID: \clock_and_reset_pkg::clock_and_reset_sequencer @1 (@552)
Phase: post_reset
"}
BEGIN @0 {TXH:15 STREAM:1 NAME:cr TIME=0  TYPE="Begin_End, Link" LABEL:"" DESC="Object ID: \clock_and_reset_pkg::clock_and_reset_sequence @4 (@1277)
Sequencer ID: \clock_and_reset_pkg::clock_and_reset_sequencer @1 (@552)
Phase: N/A
"}
  LINK @0 {TXH1:14 TXH2:15 RELATION=child}
BEGIN @0 {TXH:16 STREAM:1 NAME:req TIME=0  TYPE="Begin_End, Link" LABEL:"" DESC="Object ID: \clock_and_reset_pkg::clock_and_reset_sequence_item @4 (@1281)
Sequencer ID: \clock_and_reset_pkg::clock_and_reset_sequencer @1 (@552)
"}
  LINK @0 {TXH1:15 TXH2:16 RELATION=child}
  SET_ATTR @0 {TXH:16 NAME:clock_period VALUE:10   RADIX:UVM_HEX BITS=32}
  SET_ATTR @0 {TXH:16 NAME:reset_delay VALUE:5   RADIX:UVM_HEX BITS=32}
  SET_ATTR @0 {TXH:16 NAME:clock_cycles_to_count VALUE:0   RADIX:UVM_HEX BITS=32}
  SET_ATTR @0 {TXH:16 NAME:cycle_count_must_happen VALUE:0   RADIX:UVM_HEX BITS=1}
  SET_ATTR @0 {TXH:16 NAME:run_clock VALUE:1   RADIX:UVM_HEX BITS=1}
  SET_ATTR @0 {TXH:16 NAME:transaction_id VALUE:1   RADIX:UVM_DEC BITS=32}
END @0 {TXH:16 TIME=0}
FREE @0 {TXH:16}
END @0 {TXH:15 TIME=0}
FREE @0 {TXH:15}
BEGIN @0 {TXH:17 STREAM:1 NAME:clk10_rst5_seq TIME=0  TYPE="Begin_No_Parent, Link" LABEL:"" DESC="Object ID: \clock_and_reset_pkg::clk10_rst5_seq @5 (@1287)
Sequencer ID: \clock_and_reset_pkg::clock_and_reset_sequencer @1 (@552)
Phase: pre_configure
"}
BEGIN @0 {TXH:18 STREAM:1 NAME:cr TIME=0  TYPE="Begin_End, Link" LABEL:"" DESC="Object ID: \clock_and_reset_pkg::clock_and_reset_sequence @5 (@1297)
Sequencer ID: \clock_and_reset_pkg::clock_and_reset_sequencer @1 (@552)
Phase: N/A
"}
  LINK @0 {TXH1:17 TXH2:18 RELATION=child}
BEGIN @0 {TXH:19 STREAM:1 NAME:req TIME=0  TYPE="Begin_End, Link" LABEL:"" DESC="Object ID: \clock_and_reset_pkg::clock_and_reset_sequence_item @5 (@1301)
Sequencer ID: \clock_and_reset_pkg::clock_and_reset_sequencer @1 (@552)
"}
  LINK @0 {TXH1:18 TXH2:19 RELATION=child}
  SET_ATTR @0 {TXH:19 NAME:clock_period VALUE:10   RADIX:UVM_HEX BITS=32}
  SET_ATTR @0 {TXH:19 NAME:reset_delay VALUE:5   RADIX:UVM_HEX BITS=32}
  SET_ATTR @0 {TXH:19 NAME:clock_cycles_to_count VALUE:0   RADIX:UVM_HEX BITS=32}
  SET_ATTR @0 {TXH:19 NAME:cycle_count_must_happen VALUE:0   RADIX:UVM_HEX BITS=1}
  SET_ATTR @0 {TXH:19 NAME:run_clock VALUE:1   RADIX:UVM_HEX BITS=1}
  SET_ATTR @0 {TXH:19 NAME:transaction_id VALUE:1   RADIX:UVM_DEC BITS=32}
END @0 {TXH:19 TIME=0}
FREE @0 {TXH:19}
END @0 {TXH:18 TIME=0}
FREE @0 {TXH:18}
BEGIN @0 {TXH:20 STREAM:1 NAME:clk10_rst5_seq TIME=0  TYPE="Begin_No_Parent, Link" LABEL:"" DESC="Object ID: \clock_and_reset_pkg::clk10_rst5_seq @6 (@1307)
Sequencer ID: \clock_and_reset_pkg::clock_and_reset_sequencer @1 (@552)
Phase: configure
"}
BEGIN @0 {TXH:21 STREAM:1 NAME:cr TIME=0  TYPE="Begin_End, Link" LABEL:"" DESC="Object ID: \clock_and_reset_pkg::clock_and_reset_sequence @6 (@1317)
Sequencer ID: \clock_and_reset_pkg::clock_and_reset_sequencer @1 (@552)
Phase: N/A
"}
  LINK @0 {TXH1:20 TXH2:21 RELATION=child}
BEGIN @0 {TXH:22 STREAM:1 NAME:req TIME=0  TYPE="Begin_End, Link" LABEL:"" DESC="Object ID: \clock_and_reset_pkg::clock_and_reset_sequence_item @6 (@1321)
Sequencer ID: \clock_and_reset_pkg::clock_and_reset_sequencer @1 (@552)
"}
  LINK @0 {TXH1:21 TXH2:22 RELATION=child}
  SET_ATTR @0 {TXH:22 NAME:clock_period VALUE:10   RADIX:UVM_HEX BITS=32}
  SET_ATTR @0 {TXH:22 NAME:reset_delay VALUE:5   RADIX:UVM_HEX BITS=32}
  SET_ATTR @0 {TXH:22 NAME:clock_cycles_to_count VALUE:0   RADIX:UVM_HEX BITS=32}
  SET_ATTR @0 {TXH:22 NAME:cycle_count_must_happen VALUE:0   RADIX:UVM_HEX BITS=1}
  SET_ATTR @0 {TXH:22 NAME:run_clock VALUE:1   RADIX:UVM_HEX BITS=1}
  SET_ATTR @0 {TXH:22 NAME:transaction_id VALUE:1   RADIX:UVM_DEC BITS=32}
END @0 {TXH:22 TIME=0}
FREE @0 {TXH:22}
END @0 {TXH:21 TIME=0}
FREE @0 {TXH:21}
BEGIN @0 {TXH:23 STREAM:1 NAME:clk10_rst5_seq TIME=0  TYPE="Begin_No_Parent, Link" LABEL:"" DESC="Object ID: \clock_and_reset_pkg::clk10_rst5_seq @7 (@1327)
Sequencer ID: \clock_and_reset_pkg::clock_and_reset_sequencer @1 (@552)
Phase: post_configure
"}
BEGIN @0 {TXH:24 STREAM:1 NAME:cr TIME=0  TYPE="Begin_End, Link" LABEL:"" DESC="Object ID: \clock_and_reset_pkg::clock_and_reset_sequence @7 (@1337)
Sequencer ID: \clock_and_reset_pkg::clock_and_reset_sequencer @1 (@552)
Phase: N/A
"}
  LINK @0 {TXH1:23 TXH2:24 RELATION=child}
BEGIN @0 {TXH:25 STREAM:1 NAME:req TIME=0  TYPE="Begin_End, Link" LABEL:"" DESC="Object ID: \clock_and_reset_pkg::clock_and_reset_sequence_item @7 (@1341)
Sequencer ID: \clock_and_reset_pkg::clock_and_reset_sequencer @1 (@552)
"}
  LINK @0 {TXH1:24 TXH2:25 RELATION=child}
  SET_ATTR @0 {TXH:25 NAME:clock_period VALUE:10   RADIX:UVM_HEX BITS=32}
  SET_ATTR @0 {TXH:25 NAME:reset_delay VALUE:5   RADIX:UVM_HEX BITS=32}
  SET_ATTR @0 {TXH:25 NAME:clock_cycles_to_count VALUE:0   RADIX:UVM_HEX BITS=32}
  SET_ATTR @0 {TXH:25 NAME:cycle_count_must_happen VALUE:0   RADIX:UVM_HEX BITS=1}
  SET_ATTR @0 {TXH:25 NAME:run_clock VALUE:1   RADIX:UVM_HEX BITS=1}
  SET_ATTR @0 {TXH:25 NAME:transaction_id VALUE:1   RADIX:UVM_DEC BITS=32}
END @0 {TXH:25 TIME=0}
FREE @0 {TXH:25}
END @0 {TXH:24 TIME=0}
FREE @0 {TXH:24}
BEGIN @0 {TXH:26 STREAM:1 NAME:clk10_rst5_seq TIME=0  TYPE="Begin_No_Parent, Link" LABEL:"" DESC="Object ID: \clock_and_reset_pkg::clk10_rst5_seq @8 (@1347)
Sequencer ID: \clock_and_reset_pkg::clock_and_reset_sequencer @1 (@552)
Phase: pre_main
"}
BEGIN @0 {TXH:27 STREAM:1 NAME:cr TIME=0  TYPE="Begin_End, Link" LABEL:"" DESC="Object ID: \clock_and_reset_pkg::clock_and_reset_sequence @8 (@1357)
Sequencer ID: \clock_and_reset_pkg::clock_and_reset_sequencer @1 (@552)
Phase: N/A
"}
  LINK @0 {TXH1:26 TXH2:27 RELATION=child}
BEGIN @0 {TXH:28 STREAM:1 NAME:req TIME=0  TYPE="Begin_End, Link" LABEL:"" DESC="Object ID: \clock_and_reset_pkg::clock_and_reset_sequence_item @8 (@1361)
Sequencer ID: \clock_and_reset_pkg::clock_and_reset_sequencer @1 (@552)
"}
  LINK @0 {TXH1:27 TXH2:28 RELATION=child}
  SET_ATTR @0 {TXH:28 NAME:clock_period VALUE:10   RADIX:UVM_HEX BITS=32}
  SET_ATTR @0 {TXH:28 NAME:reset_delay VALUE:5   RADIX:UVM_HEX BITS=32}
  SET_ATTR @0 {TXH:28 NAME:clock_cycles_to_count VALUE:0   RADIX:UVM_HEX BITS=32}
  SET_ATTR @0 {TXH:28 NAME:cycle_count_must_happen VALUE:0   RADIX:UVM_HEX BITS=1}
  SET_ATTR @0 {TXH:28 NAME:run_clock VALUE:1   RADIX:UVM_HEX BITS=1}
  SET_ATTR @0 {TXH:28 NAME:transaction_id VALUE:1   RADIX:UVM_DEC BITS=32}
END @0 {TXH:28 TIME=0}
FREE @0 {TXH:28}
END @0 {TXH:27 TIME=0}
FREE @0 {TXH:27}
BEGIN @0 {TXH:29 STREAM:1 NAME:clk10_rst5_seq TIME=0  TYPE="Begin_No_Parent, Link" LABEL:"" DESC="Object ID: \clock_and_reset_pkg::clk10_rst5_seq @9 (@1367)
Sequencer ID: \clock_and_reset_pkg::clock_and_reset_sequencer @1 (@552)
Phase: main
"}
BEGIN @0 {TXH:30 STREAM:1 NAME:cr TIME=0  TYPE="Begin_End, Link" LABEL:"" DESC="Object ID: \clock_and_reset_pkg::clock_and_reset_sequence @9 (@1377)
Sequencer ID: \clock_and_reset_pkg::clock_and_reset_sequencer @1 (@552)
Phase: N/A
"}
  LINK @0 {TXH1:29 TXH2:30 RELATION=child}
BEGIN @0 {TXH:31 STREAM:1 NAME:req TIME=0  TYPE="Begin_End, Link" LABEL:"" DESC="Object ID: \clock_and_reset_pkg::clock_and_reset_sequence_item @9 (@1381)
Sequencer ID: \clock_and_reset_pkg::clock_and_reset_sequencer @1 (@552)
"}
  LINK @0 {TXH1:30 TXH2:31 RELATION=child}
  SET_ATTR @0 {TXH:31 NAME:clock_period VALUE:10   RADIX:UVM_HEX BITS=32}
  SET_ATTR @0 {TXH:31 NAME:reset_delay VALUE:5   RADIX:UVM_HEX BITS=32}
  SET_ATTR @0 {TXH:31 NAME:clock_cycles_to_count VALUE:0   RADIX:UVM_HEX BITS=32}
  SET_ATTR @0 {TXH:31 NAME:cycle_count_must_happen VALUE:0   RADIX:UVM_HEX BITS=1}
  SET_ATTR @0 {TXH:31 NAME:run_clock VALUE:1   RADIX:UVM_HEX BITS=1}
  SET_ATTR @0 {TXH:31 NAME:transaction_id VALUE:1   RADIX:UVM_DEC BITS=32}
END @0 {TXH:31 TIME=0}
FREE @0 {TXH:31}
END @0 {TXH:30 TIME=0}
FREE @0 {TXH:30}
BEGIN @0 {TXH:32 STREAM:1 NAME:clk10_rst5_seq TIME=0  TYPE="Begin_No_Parent, Link" LABEL:"" DESC="Object ID: \clock_and_reset_pkg::clk10_rst5_seq @10 (@1387)
Sequencer ID: \clock_and_reset_pkg::clock_and_reset_sequencer @1 (@552)
Phase: post_main
"}
BEGIN @0 {TXH:33 STREAM:1 NAME:cr TIME=0  TYPE="Begin_End, Link" LABEL:"" DESC="Object ID: \clock_and_reset_pkg::clock_and_reset_sequence @10 (@1397)
Sequencer ID: \clock_and_reset_pkg::clock_and_reset_sequencer @1 (@552)
Phase: N/A
"}
  LINK @0 {TXH1:32 TXH2:33 RELATION=child}
BEGIN @0 {TXH:34 STREAM:1 NAME:req TIME=0  TYPE="Begin_End, Link" LABEL:"" DESC="Object ID: \clock_and_reset_pkg::clock_and_reset_sequence_item @10 (@1401)
Sequencer ID: \clock_and_reset_pkg::clock_and_reset_sequencer @1 (@552)
"}
  LINK @0 {TXH1:33 TXH2:34 RELATION=child}
  SET_ATTR @0 {TXH:34 NAME:clock_period VALUE:10   RADIX:UVM_HEX BITS=32}
  SET_ATTR @0 {TXH:34 NAME:reset_delay VALUE:5   RADIX:UVM_HEX BITS=32}
  SET_ATTR @0 {TXH:34 NAME:clock_cycles_to_count VALUE:0   RADIX:UVM_HEX BITS=32}
  SET_ATTR @0 {TXH:34 NAME:cycle_count_must_happen VALUE:0   RADIX:UVM_HEX BITS=1}
  SET_ATTR @0 {TXH:34 NAME:run_clock VALUE:1   RADIX:UVM_HEX BITS=1}
  SET_ATTR @0 {TXH:34 NAME:transaction_id VALUE:1   RADIX:UVM_DEC BITS=32}
END @0 {TXH:34 TIME=0}
FREE @0 {TXH:34}
END @0 {TXH:33 TIME=0}
FREE @0 {TXH:33}
BEGIN @0 {TXH:35 STREAM:1 NAME:clk10_rst5_seq TIME=0  TYPE="Begin_No_Parent, Link" LABEL:"" DESC="Object ID: \clock_and_reset_pkg::clk10_rst5_seq @11 (@1407)
Sequencer ID: \clock_and_reset_pkg::clock_and_reset_sequencer @1 (@552)
Phase: pre_shutdown
"}
BEGIN @0 {TXH:36 STREAM:1 NAME:cr TIME=0  TYPE="Begin_End, Link" LABEL:"" DESC="Object ID: \clock_and_reset_pkg::clock_and_reset_sequence @11 (@1417)
Sequencer ID: \clock_and_reset_pkg::clock_and_reset_sequencer @1 (@552)
Phase: N/A
"}
  LINK @0 {TXH1:35 TXH2:36 RELATION=child}
BEGIN @0 {TXH:37 STREAM:1 NAME:req TIME=0  TYPE="Begin_End, Link" LABEL:"" DESC="Object ID: \clock_and_reset_pkg::clock_and_reset_sequence_item @11 (@1421)
Sequencer ID: \clock_and_reset_pkg::clock_and_reset_sequencer @1 (@552)
"}
  LINK @0 {TXH1:36 TXH2:37 RELATION=child}
  SET_ATTR @0 {TXH:37 NAME:clock_period VALUE:10   RADIX:UVM_HEX BITS=32}
  SET_ATTR @0 {TXH:37 NAME:reset_delay VALUE:5   RADIX:UVM_HEX BITS=32}
  SET_ATTR @0 {TXH:37 NAME:clock_cycles_to_count VALUE:0   RADIX:UVM_HEX BITS=32}
  SET_ATTR @0 {TXH:37 NAME:cycle_count_must_happen VALUE:0   RADIX:UVM_HEX BITS=1}
  SET_ATTR @0 {TXH:37 NAME:run_clock VALUE:1   RADIX:UVM_HEX BITS=1}
  SET_ATTR @0 {TXH:37 NAME:transaction_id VALUE:1   RADIX:UVM_DEC BITS=32}
END @0 {TXH:37 TIME=0}
FREE @0 {TXH:37}
END @0 {TXH:36 TIME=0}
FREE @0 {TXH:36}
BEGIN @0 {TXH:38 STREAM:1 NAME:clk10_rst5_seq TIME=0  TYPE="Begin_No_Parent, Link" LABEL:"" DESC="Object ID: \clock_and_reset_pkg::clk10_rst5_seq @12 (@1427)
Sequencer ID: \clock_and_reset_pkg::clock_and_reset_sequencer @1 (@552)
Phase: shutdown
"}
BEGIN @0 {TXH:39 STREAM:1 NAME:cr TIME=0  TYPE="Begin_End, Link" LABEL:"" DESC="Object ID: \clock_and_reset_pkg::clock_and_reset_sequence @12 (@1437)
Sequencer ID: \clock_and_reset_pkg::clock_and_reset_sequencer @1 (@552)
Phase: N/A
"}
  LINK @0 {TXH1:38 TXH2:39 RELATION=child}
BEGIN @0 {TXH:40 STREAM:1 NAME:req TIME=0  TYPE="Begin_End, Link" LABEL:"" DESC="Object ID: \clock_and_reset_pkg::clock_and_reset_sequence_item @12 (@1441)
Sequencer ID: \clock_and_reset_pkg::clock_and_reset_sequencer @1 (@552)
"}
  LINK @0 {TXH1:39 TXH2:40 RELATION=child}
  SET_ATTR @0 {TXH:40 NAME:clock_period VALUE:10   RADIX:UVM_HEX BITS=32}
  SET_ATTR @0 {TXH:40 NAME:reset_delay VALUE:5   RADIX:UVM_HEX BITS=32}
  SET_ATTR @0 {TXH:40 NAME:clock_cycles_to_count VALUE:0   RADIX:UVM_HEX BITS=32}
  SET_ATTR @0 {TXH:40 NAME:cycle_count_must_happen VALUE:0   RADIX:UVM_HEX BITS=1}
  SET_ATTR @0 {TXH:40 NAME:run_clock VALUE:1   RADIX:UVM_HEX BITS=1}
  SET_ATTR @0 {TXH:40 NAME:transaction_id VALUE:1   RADIX:UVM_DEC BITS=32}
END @0 {TXH:40 TIME=0}
FREE @0 {TXH:40}
END @0 {TXH:39 TIME=0}
FREE @0 {TXH:39}
BEGIN @0 {TXH:41 STREAM:1 NAME:clk10_rst5_seq TIME=0  TYPE="Begin_No_Parent, Link" LABEL:"" DESC="Object ID: \clock_and_reset_pkg::clk10_rst5_seq @13 (@1447)
Sequencer ID: \clock_and_reset_pkg::clock_and_reset_sequencer @1 (@552)
Phase: post_shutdown
"}
BEGIN @0 {TXH:42 STREAM:1 NAME:cr TIME=0  TYPE="Begin_End, Link" LABEL:"" DESC="Object ID: \clock_and_reset_pkg::clock_and_reset_sequence @13 (@1457)
Sequencer ID: \clock_and_reset_pkg::clock_and_reset_sequencer @1 (@552)
Phase: N/A
"}
  LINK @0 {TXH1:41 TXH2:42 RELATION=child}
BEGIN @0 {TXH:43 STREAM:1 NAME:req TIME=0  TYPE="Begin_End, Link" LABEL:"" DESC="Object ID: \clock_and_reset_pkg::clock_and_reset_sequence_item @13 (@1461)
Sequencer ID: \clock_and_reset_pkg::clock_and_reset_sequencer @1 (@552)
"}
  LINK @0 {TXH1:42 TXH2:43 RELATION=child}
  SET_ATTR @0 {TXH:43 NAME:clock_period VALUE:10   RADIX:UVM_HEX BITS=32}
  SET_ATTR @0 {TXH:43 NAME:reset_delay VALUE:5   RADIX:UVM_HEX BITS=32}
  SET_ATTR @0 {TXH:43 NAME:clock_cycles_to_count VALUE:0   RADIX:UVM_HEX BITS=32}
  SET_ATTR @0 {TXH:43 NAME:cycle_count_must_happen VALUE:0   RADIX:UVM_HEX BITS=1}
  SET_ATTR @0 {TXH:43 NAME:run_clock VALUE:1   RADIX:UVM_HEX BITS=1}
  SET_ATTR @0 {TXH:43 NAME:transaction_id VALUE:1   RADIX:UVM_DEC BITS=32}
END @0 {TXH:43 TIME=0}
FREE @0 {TXH:43}
END @0 {TXH:42 TIME=0}
FREE @0 {TXH:42}
BEGIN @10 {TXH:44 STREAM:3 NAME:req TIME=0  TYPE="Begin_End, Link" LABEL:"" DESC="Object ID: \wb_pkg::n_cpu_transaction#(8) @3 (@1220)
Sequencer ID: \wb_pkg::wb_master_sequencer @1 (@1028)
"}
  LINK @10 {TXH1:6 TXH2:44 RELATION=child}
  SET_ATTR @250 {TXH:44 NAME:address VALUE:3   RADIX:UVM_DEC BITS=32}
  SET_ATTR @250 {TXH:44 NAME:data VALUE:139   RADIX:UVM_BIN BITS=8}
  SET_ATTR @250 {TXH:44 NAME:M_STATE VALUE:375042692165   RADIX:UVM_STRING BITS=40}
  SET_ATTR @250 {TXH:44 NAME:transaction_id VALUE:1   RADIX:UVM_DEC BITS=32}
END @250 {TXH:44 TIME=0}
FREE @250 {TXH:44}
END @250 {TXH:6 TIME=0}
FREE @250 {TXH:6}
BEGIN @250 {TXH:45 STREAM:3 NAME:wb_read TIME=0  TYPE="Begin_End, Link" LABEL:"" DESC="Object ID: \wb_pkg::wb_read_seq @2 (@1466)
Sequencer ID: \wb_pkg::wb_master_sequencer @1 (@1028)
Phase: N/A
"}
  LINK @250 {TXH1:4 TXH2:45 RELATION=child}
BEGIN @250 {TXH:46 STREAM:3 NAME:req TIME=0  TYPE="Begin_End, Link" LABEL:"" DESC="Object ID: \wb_pkg::n_cpu_transaction#(8) @4 (@1470)
Sequencer ID: \wb_pkg::wb_master_sequencer @1 (@1028)
"}
  LINK @250 {TXH1:45 TXH2:46 RELATION=child}
  SET_ATTR @650 {TXH:46 NAME:address VALUE:3   RADIX:UVM_DEC BITS=32}
  SET_ATTR @650 {TXH:46 NAME:data VALUE:105   RADIX:UVM_BIN BITS=8}
  SET_ATTR @650 {TXH:46 NAME:M_STATE VALUE:1380270404   RADIX:UVM_STRING BITS=32}
  SET_ATTR @650 {TXH:46 NAME:transaction_id VALUE:1   RADIX:UVM_DEC BITS=32}
END @650 {TXH:46 TIME=0}
FREE @650 {TXH:46}
END @650 {TXH:45 TIME=0}
FREE @650 {TXH:45}
BEGIN @650 {TXH:47 STREAM:3 NAME:wb_read TIME=0  TYPE="Begin_End, Link" LABEL:"" DESC="Object ID: \wb_pkg::wb_read_seq @3 (@1474)
Sequencer ID: \wb_pkg::wb_master_sequencer @1 (@1028)
Phase: N/A
"}
  LINK @650 {TXH1:4 TXH2:47 RELATION=child}
BEGIN @650 {TXH:48 STREAM:3 NAME:req TIME=0  TYPE="Begin_End, Link" LABEL:"" DESC="Object ID: \wb_pkg::n_cpu_transaction#(8) @5 (@1478)
Sequencer ID: \wb_pkg::wb_master_sequencer @1 (@1028)
"}
  LINK @650 {TXH1:47 TXH2:48 RELATION=child}
  SET_ATTR @1050 {TXH:48 NAME:address VALUE:0   RADIX:UVM_DEC BITS=32}
  SET_ATTR @1050 {TXH:48 NAME:data VALUE:193   RADIX:UVM_BIN BITS=8}
  SET_ATTR @1050 {TXH:48 NAME:M_STATE VALUE:1380270404   RADIX:UVM_STRING BITS=32}
  SET_ATTR @1050 {TXH:48 NAME:transaction_id VALUE:1   RADIX:UVM_DEC BITS=32}
END @1050 {TXH:48 TIME=0}
FREE @1050 {TXH:48}
END @1050 {TXH:47 TIME=0}
FREE @1050 {TXH:47}
END @1050 {TXH:4 TIME=0}
FREE @1050 {TXH:4}
END @3000 {TXH:2 TIME=0}
FREE @3000 {TXH:2}
END @3000 {TXH:41 TIME=0}
FREE @3000 {TXH:41}
